<?xml version="1.0" encoding="UTF-8" ?>
<testsuites>
 <testsuite name="UCMS-WF-FTS-Orders-Scripts-13-Powerplans-1_script" package="UC-Millennium-OrdersManagement.suite" timestamp="2024-12-12 11:55:23.311 +0530"
 tests="1"  failures="1" errors="0" time="0.307000">
  <properties>
   <property name="RunDate" value="2024-12-12 11:55:23.311 +0530"/>
   <property name="Status" value="Failure"/>
  </properties>
  <testcase name="UCMS-WF-FTS-Orders-Scripts-13-Powerplans-1.script" assertions="1" status="failure"  time="0.293">
    <failure type="FAILURE" message="Invalid JSON: Can&apos;t get value of JSON expression -- Execution Time 0:00:00 UCMS-WF-FTS-Orders-Scripts-13-Powerplans-1.script" />
  </testcase>
 </testsuite>
</testsuites>
