<?xml version="1.0" encoding="UTF-8" ?>
<testsuites>
 <testsuite name="UCMS-WF-FTS-Orders-Scripts-10-Scriptwriter_script" package="UC-Millennium-OrdersManagement.suite" timestamp="2024-12-17 11:20:13.946 +0530"
 tests="1"  failures="2" errors="2" time="121.374000">
  <properties>
   <property name="RunDate" value="2024-12-17 11:20:13.946 +0530"/>
   <property name="Status" value="Aborted"/>
  </properties>
  <testcase name="UCMS-WF-FTS-Orders-Scripts-10-Scriptwriter.script" assertions="5" status="error"  time="121.364">
    <failure type="LogError" message="Exception encountered at:  line 88 of rightclickorderonscratchpadwithaction (line 421 of Popups.script)\ncalled from line 383 of ucms_wf_fts_orders_scripts_10_scriptwriter" />
    <failure type="LogError" message="Exception Reason:  click Error - Image Property List did not contain &quot;ImageName&quot; property" />
    <error type="Exception" message="Searching For Image: OCR Error: Operation was aborted" />
  </testcase>
 </testsuite>
</testsuites>
