<?xml version="1.0" encoding="UTF-8" ?>
<testsuites>
 <testsuite name="UCMS-WF-FTS-Orders-Scripts-10-Scriptwriter_script" package="UC-Millennium-OrdersManagement.suite" timestamp="2024-12-17 11:07:42.876 +0530"
 tests="1"  failures="2" errors="1" time="12.904000">
  <properties>
   <property name="RunDate" value="2024-12-17 11:07:42.876 +0530"/>
   <property name="Status" value="Aborted"/>
  </properties>
  <testcase name="UCMS-WF-FTS-Orders-Scripts-10-Scriptwriter.script" assertions="4" status="error"  time="12.89">
    <failure type="LogError" message="Exception encountered at:  line 88 of rightclickorderonscratchpadwithaction (line 421 of Popups.script)\ncalled from line 122 of ucms_wf_fts_orders_scripts_10_scriptwriter" />
    <failure type="LogError" message="Exception Reason:  click Error - Image Property List did not contain &quot;ImageName&quot; property" />
    <error type="Exception" message="Image Property List did not contain &quot;ImageName&quot; property" />
  </testcase>
 </testsuite>
</testsuites>
