<?xml version="1.0" encoding="UTF-8" ?>
<testsuites>
 <testsuite name="Untitled_script" package="Test.suite" timestamp="2024-07-11 09:39:36.443 +0530"
 tests="1"  failures="1" errors="0" time="0.008000">
  <properties>
   <property name="RunDate" value="2024-07-11 09:39:36.443 +0530"/>
   <property name="Status" value="Failure"/>
  </properties>
  <testcase name="Untitled.script" assertions="1" status="failure"  time="0.001">
    <failure type="FAILURE" message="SenseTalk Compiler Exception: in untitled:\nSyntax Error at line 25: can&apos;t understand [unrecognized character] at character 33 -- Execution Time 0:00:00 Untitled.script" />
  </testcase>
 </testsuite>
</testsuites>
