<?xml version="1.0" encoding="UTF-8" ?>
<testsuites>
 <testsuite name="Untitled_script" package="Test.suite" timestamp="2024-07-11 16:28:04.720 +0530"
 tests="1"  failures="1" errors="1" time="89.329000">
  <properties>
   <property name="RunDate" value="2024-07-11 16:28:04.720 +0530"/>
   <property name="Status" value="Failure"/>
  </properties>
  <testcase name="Untitled.script" assertions="1" status="error"  time="89.31">
    <failure type="FAILURE" message="Image Not Found: click Error - No Image Found On Screen: &quot;btn_ok&quot; -- Execution Time 0:01:29 Untitled.script" />
    <error type="Exception" message="No Image Found On Screen: &quot;btn_ok&quot;" />
  </testcase>
 </testsuite>
</testsuites>
