<?xml version="1.0" encoding="UTF-8" ?>
<testsuites>
 <testsuite name="UCMS-WF-FTS-Orders-Scripts-11-MAW_script" package="UC-Millennium-OrdersManagement.suite" timestamp="2024-12-17 12:24:49.126 +0530"
 tests="1"  failures="0" errors="0" time="611.345000">
  <properties>
   <property name="RunDate" value="2024-12-17 12:24:49.126 +0530"/>
   <property name="Status" value="Aborted"/>
  </properties>
  <testcase name="UCMS-WF-FTS-Orders-Scripts-11-MAW.script" assertions="1" status="failure"  time="611.333">
    <failure type="FAILURE" message="See main script" />
  </testcase>
 </testsuite>
</testsuites>
