<?xml version="1.0" encoding="UTF-8" ?>
<testsuites>
 <testsuite name="Untitled1_script" package="Test.suite" timestamp="2024-09-10 14:34:50.441 +0530"
 tests="1"  failures="1" errors="1" time="5.643000">
  <properties>
   <property name="RunDate" value="2024-09-10 14:34:50.441 +0530"/>
   <property name="Status" value="Failure"/>
  </properties>
  <testcase name="Untitled1.script" assertions="1" status="error"  time="5.636">
    <failure type="FAILURE" message="File Not Found: click Error - Could Not Open Image:  -- Execution Time 0:00:05 Untitled1.script" />
    <error type="Exception" message="Could Not Open Image: " />
  </testcase>
 </testsuite>
</testsuites>
