<?xml version="1.0" encoding="UTF-8" ?>
<testsuites>
 <testsuite name="UCMS-WF-FTS-Orders-Scripts-2-Allergies_script" package="UC-Millennium-OrdersManagement.suite" timestamp="2024-12-30 10:40:45.953 +0530"
 tests="1"  failures="1" errors="0" time="0.146000">
  <properties>
   <property name="RunDate" value="2024-12-30 10:40:45.953 +0530"/>
   <property name="Status" value="Failure"/>
  </properties>
  <testcase name="UCMS-WF-FTS-Orders-Scripts-2-Allergies.script" assertions="1" status="failure"  time="0.131">
    <failure type="FAILURE" message="Invalid JSON: Can&apos;t get value of JSON expression -- Execution Time 0:00:00 UCMS-WF-FTS-Orders-Scripts-2-Allergies.script" />
  </testcase>
 </testsuite>
</testsuites>
