<?xml version="1.0" encoding="UTF-8" ?>
<testsuites>
 <testsuite name="Untitled_script" package="Test.suite" timestamp="2024-07-10 11:23:11.164 +0530"
 tests="1"  failures="1" errors="0" time="0.258000">
  <properties>
   <property name="RunDate" value="2024-07-10 11:23:11.164 +0530"/>
   <property name="Status" value="Failure"/>
  </properties>
  <testcase name="Untitled.script" assertions="1" status="failure"  time="0.245">
    <failure type="FAILURE" message="STUnknownMessage: ERROR: No Such Function: &apos;scale&apos; -- Execution Time 0:00:00 Untitled.script" />
  </testcase>
 </testsuite>
</testsuites>
