<?xml version="1.0" encoding="UTF-8" ?>
<testsuites>
 <testsuite name="Untitled_script" package="Test.suite" timestamp="2024-07-11 15:50:55.821 +0530"
 tests="1"  failures="1" errors="1" time="120.579000">
  <properties>
   <property name="RunDate" value="2024-07-11 15:50:55.821 +0530"/>
   <property name="Status" value="Failure"/>
  </properties>
  <testcase name="Untitled.script" assertions="1" status="error"  time="120.564">
    <failure type="FAILURE" message="Image Not Found: waitfor Error - Unable To Find Any Image On Screen &quot;Btn_Add&quot; within 15.00 seconds -- Execution Time 0:02:00 Untitled.script" />
    <error type="Exception" message="Unable To Find Any Image On Screen &quot;Btn_Add&quot; within 15.00 seconds" />
  </testcase>
 </testsuite>
</testsuites>
